<?xml version="1.0" encoding="utf-8"?><testsuites name="pytest tests"><testsuite name="pytest" errors="0" failures="0" skipped="0" tests="16" time="51.163" timestamp="2026-07-01T13:51:48.264233+00:00" hostname="agent-env-bfd8a928-98f3-4821-a63b-9df40c8b60ff"><testcase classname="tests.test_leadunify_iter6.TestMergePeopleAudit" name="test_a_create_two_and_merge" time="0.507" /><testcase classname="tests.test_leadunify_iter6.TestMergePeopleAudit" name="test_b_audit_entry_created" time="10.131" /><testcase classname="tests.test_leadunify_iter6.TestEnrichmentFlag" name="test_a_pick_person_and_flag" time="18.235" /><testcase classname="tests.test_leadunify_iter6.TestMergePeopleAudit" name="test_c_cleanup_kept_person" time="0.001" /><testcase classname="tests.test_leadunify_iter6.TestMergeCompaniesAudit" name="test_a_create_two_companies_with_people_and_merge" time="0.106" /><testcase classname="tests.test_leadunify_iter6.TestMergeCompaniesAudit" name="test_b_audit_entry_and_filter" time="0.142" /><testcase classname="tests.test_leadunify_iter6.TestMergeCompaniesAudit" name="test_c_cleanup" time="0.002" /><testcase classname="tests.test_leadunify_iter6.TestAuditLogAccessControl" name="test_admin_can_read" time="0.109" /><testcase classname="tests.test_leadunify_iter6.TestAuditLogAccessControl" name="test_non_admin_forbidden" time="7.044" /><testcase classname="tests.test_leadunify_iter6.TestAuditLogAccessControl" name="test_unauth_401" time="10.129" /><testcase classname="tests.test_leadunify_iter6.TestEnrichmentFlag" name="test_b_needs_enrichment_filter" time="0.105" /><testcase classname="tests.test_leadunify_iter6.TestEnrichmentFlag" name="test_c_unflag" time="7.371" /><testcase classname="tests.test_leadunify_iter6.TestEnrichmentFlag" name="test_d_flag_invalid_id_400" time="0.118" /><testcase classname="tests.test_leadunify_iter6.TestEnrichmentFlag" name="test_e_flag_nonexistent_404" time="0.114" /><testcase classname="tests.test_leadunify_iter6.TestResetPasswordRegression" name="test_reset_password_flow" time="1.787" /><testcase classname="tests.test_leadunify_iter6.TestFinalBaseline" name="test_purge_audit_and_verify_baseline" time="20.460" /></testsuite></testsuites>