<?xml version="1.0" encoding="utf-8"?><testsuites name="pytest tests"><testsuite name="pytest" errors="0" failures="2" skipped="0" tests="11" time="2.301" timestamp="2026-07-01T13:09:18.411685+00:00" hostname="agent-env-bfd8a928-98f3-4821-a63b-9df40c8b60ff"><testcase classname="tests.test_leadunify_iter3.TestNormalizeCompanyName" name="test_normalizes_variants" time="0.084"><failure message="AssertionError: assert 'a and d' == 'a and d mortgage'&#10;  &#10;  - a and d mortgage&#10;  + a and d">E   AssertionError: assert 'a and d' == 'a and d mortgage'
      
      - a and d mortgage
      + a and d</failure></testcase><testcase classname="tests.test_leadunify_iter3.TestNormalizeCompanyName" name="test_fallback_when_stripping_empties" time="0.000" /><testcase classname="tests.test_leadunify_iter3.TestMergeCandidatesAndMerge" name="test_empty_when_no_dupes" time="0.613" /><testcase classname="tests.test_leadunify_iter3.TestSeedBaseline" name="test_counts" time="0.573" /><testcase classname="tests.test_leadunify_iter3.TestMergeCandidatesAndMerge" name="test_insert_dupes_group_and_merge" time="0.732"><failure message="AssertionError: Expected TEST_Texas Bank group in merge-candidates, got groups: []&#10;assert None is not None">E   AssertionError: Expected TEST_Texas Bank group in merge-candidates, got groups: []
    assert None is not None</failure></testcase><testcase classname="tests.test_leadunify_iter3.TestCompanyNotesAndLookup" name="test_lookup_by_name_and_notes" time="0.231" /><testcase classname="tests.test_leadunify_iter3.TestBulkOps" name="test_bulk_delete_and_remove_from_campaign" time="0.797" /><testcase classname="tests.test_leadunify_iter3.TestPersonNotes" name="test_patch_person_notes" time="0.244" /><testcase classname="tests.test_leadunify_iter3.TestSelectiveExport" name="test_export_with_ids" time="0.101" /><testcase classname="tests.test_leadunify_iter3.TestCompaniesPagination" name="test_paginated" time="0.049" /><testcase classname="tests.test_leadunify_iter3.TestBhargavRegression" name="test_bhargav_still_one_person_two_campaigns" time="0.050" /></testsuite></testsuites>