<?xml version="1.0" encoding="utf-8"?><testsuites name="pytest tests"><testsuite name="pytest" errors="0" failures="0" skipped="0" tests="24" time="15.672" timestamp="2026-07-01T15:50:56.711327+00:00" hostname="agent-env-bfd8a928-98f3-4821-a63b-9df40c8b60ff"><testcase classname="tests.test_leadunify_iter9.TestOwnerRole" name="test_auth_me_returns_owner_role" time="0.477" /><testcase classname="tests.test_leadunify_iter9.TestOwnerRole" name="test_seed_did_not_downgrade_owner" time="0.002" /><testcase classname="tests.test_leadunify_iter9.TestDeleteCompany" name="test_owner_can_delete_company_with_people_unlink" time="0.946" /><testcase classname="tests.test_leadunify_iter9.TestDeleteCompany" name="test_member_cannot_delete_company" time="1.147" /><testcase classname="tests.test_leadunify_iter9.TestDeleteCompany" name="test_invalid_company_id_returns_400_or_404" time="0.192" /><testcase classname="tests.test_leadunify_iter9.TestDeleteCampaign" name="test_owner_can_delete_campaign_and_cascade" time="0.926" /><testcase classname="tests.test_leadunify_iter9.TestDeleteCampaign" name="test_member_cannot_delete_campaign" time="0.303" /><testcase classname="tests.test_leadunify_iter9.TestDeleteCampaign" name="test_nonexistent_campaign_returns_404" time="0.106" /><testcase classname="tests.test_leadunify_iter9.TestRoleTiers" name="test_admin_can_invite_user" time="1.209" /><testcase classname="tests.test_leadunify_iter9.TestRoleTiers" name="test_admin_cannot_reset_others_password" time="0.118" /><testcase classname="tests.test_leadunify_iter9.TestRoleTiers" name="test_admin_can_reset_own_password" time="0.648" /><testcase classname="tests.test_leadunify_iter9.TestRoleTiers" name="test_admin_cannot_change_roles" time="0.104" /><testcase classname="tests.test_leadunify_iter9.TestRoleTiers" name="test_admin_cannot_modify_owner" time="0.111" /><testcase classname="tests.test_leadunify_iter9.TestRoleTiers" name="test_admin_cannot_delete_owner" time="0.098" /><testcase classname="tests.test_leadunify_iter9.TestRoleTiers" name="test_admin_can_delete_non_owner_user" time="0.437" /><testcase classname="tests.test_leadunify_iter9.TestRoleTiers" name="test_owner_can_reset_other_user_password" time="0.989" /><testcase classname="tests.test_leadunify_iter9.TestRoleTiers" name="test_owner_can_change_role" time="0.212" /><testcase classname="tests.test_leadunify_iter9.TestRoleTiers" name="test_member_gets_403_on_admin_endpoints" time="0.207" /><testcase classname="tests.test_leadunify_iter9.TestRoleTiers" name="test_owner_cannot_change_own_role_or_promote_other_to_owner" time="0.096" /><testcase classname="tests.test_leadunify_iter9.TestCascadeSingleDelete" name="test_single_delete_removes_last_person_and_company" time="0.451" /><testcase classname="tests.test_leadunify_iter9.TestSelfHealingDuplicates" name="test_stale_flag_selfheals" time="0.101" /><testcase classname="tests.test_leadunify_iter9.TestCascadeDeleteByFilter" name="test_delete_by_filter_removes_people_company_and_flags" time="0.478" /><testcase classname="tests.test_leadunify_iter9.TestCascadeDeleteByFilter" name="test_delete_by_filter_rejects_empty" time="0.100" /><testcase classname="tests.test_leadunify_iter9.TestBulkDeleteAllCascade" name="test_bulk_delete_all_and_cascade" time="6.039" /></testsuite></testsuites>