<?xml version="1.0" encoding="utf-8"?><testsuites name="pytest tests"><testsuite name="pytest" errors="0" failures="0" skipped="0" tests="13" time="4.234" timestamp="2026-07-01T14:36:45.271125+00:00" hostname="agent-env-bfd8a928-98f3-4821-a63b-9df40c8b60ff"><testcase classname="tests.test_leadunify_iter8.TestDeleteByFilter" name="test_zero_match_returns_deleted_zero" time="0.707" /><testcase classname="tests.test_leadunify_iter8.TestDeleteByFilter" name="test_non_admin_forbidden" time="1.119" /><testcase classname="tests.test_leadunify_iter8.TestBulkShare" name="test_admin_bulk_share_two_campaigns" time="2.083" /><testcase classname="tests.test_leadunify_iter8.TestBulkShare" name="test_non_admin_bulk_share_mixed_owner_and_nonowner" time="0.143" /><testcase classname="tests.test_leadunify_iter8.TestDeleteByFilter" name="test_delete_by_filter_removes_all_matching" time="0.534" /><testcase classname="tests.test_leadunify_iter8.TestBulkShare" name="test_bulk_share_invalid_ids_reported" time="0.277" /><testcase classname="tests.test_leadunify_iter8.TestRegression" name="test_explicit_bulk_delete" time="0.408" /><testcase classname="tests.test_leadunify_iter8.TestRegression" name="test_explicit_bulk_remove_from_campaign" time="0.094" /><testcase classname="tests.test_leadunify_iter8.TestRegression" name="test_single_share_still_works" time="0.517" /><testcase classname="tests.test_leadunify_iter8.TestRemoveByFilterFromCampaign" name="test_no_match_returns_zero" time="0.615" /><testcase classname="tests.test_leadunify_iter8.TestRemoveByFilterFromCampaign" name="test_removes_only_that_campaign_link" time="0.375" /><testcase classname="tests.test_leadunify_iter8.TestAuth" name="test_delete_by_filter_unauthenticated" time="0.106" /><testcase classname="tests.test_leadunify_iter8.TestAuth" name="test_bulk_share_unauthenticated" time="0.106" /></testsuite></testsuites>