<?xml version="1.0" encoding="utf-8"?><testsuites name="pytest tests"><testsuite name="pytest" errors="0" failures="0" skipped="0" tests="14" time="5.669" timestamp="2026-07-01T13:27:06.397814+00:00" hostname="agent-env-bfd8a928-98f3-4821-a63b-9df40c8b60ff"><testcase classname="tests.test_leadunify_iter5.TestCompanySubstringFilter" name="test_hdfc_substring_returns_hdfc_bank_people" time="0.573" /><testcase classname="tests.test_leadunify_iter5.TestCampaignsAccessAndCleanup" name="test_a_invite_sara" time="1.214" /><testcase classname="tests.test_leadunify_iter5.TestCompanySubstringFilter" name="test_case_insensitive_bank_substring" time="0.321" /><testcase classname="tests.test_leadunify_iter5.TestUsersList" name="test_admin_lists_users" time="0.325" /><testcase classname="tests.test_leadunify_iter5.TestCampaignsAccessAndCleanup" name="test_b_scope_all_and_share" time="1.356" /><testcase classname="tests.test_leadunify_iter5.TestUsersList" name="test_non_admin_forbidden" time="0.926" /><testcase classname="tests.test_leadunify_iter5.TestUserInviteLifecycle" name="test_invite_login_promote_reset_delete" time="1.848" /><testcase classname="tests.test_leadunify_iter5.TestCampaignsAccessAndCleanup" name="test_c_share_non_owner_forbidden" time="0.269" /><testcase classname="tests.test_leadunify_iter5.TestCampaignsAccessAndCleanup" name="test_d_request_list_approve_deny" time="1.270" /><testcase classname="tests.test_leadunify_iter5.TestUserInviteLifecycle" name="test_delete_self_forbidden" time="0.222" /><testcase classname="tests.test_leadunify_iter5.TestCampaignsAccessAndCleanup" name="test_e_share_route_not_captured_by_patch" time="0.152" /><testcase classname="tests.test_leadunify_iter5.TestAuthRegression" name="test_login_and_me" time="0.110" /><testcase classname="tests.test_leadunify_iter5.TestCampaignsAccessAndCleanup" name="test_f_delete_sara_reassigns_campaigns_and_restores_baseline" time="0.836" /><testcase classname="tests.test_leadunify_iter5.TestBhargavDedup" name="test_bhargav_single_person_two_campaigns" time="0.123" /></testsuite></testsuites>