<?xml version="1.0" encoding="utf-8"?><testsuites name="pytest tests"><testsuite name="pytest" errors="0" failures="2" skipped="0" tests="13" time="2.505" timestamp="2026-07-01T13:13:53.004774+00:00" hostname="agent-env-bfd8a928-98f3-4821-a63b-9df40c8b60ff"><testcase classname="tests.test_leadunify_iter3.TestNormalizeCompanyName" name="test_a_and_d_mortgage_variants" time="0.093" /><testcase classname="tests.test_leadunify_iter3.TestNormalizeCompanyName" name="test_texas_bank_variants" time="0.000" /><testcase classname="tests.test_leadunify_iter3.TestNormalizeCompanyName" name="test_targeted_expected_outputs" time="0.000" /><testcase classname="tests.test_leadunify_iter3.TestNormalizeCompanyName" name="test_fallback_when_stripping_empties" time="0.000" /><testcase classname="tests.test_leadunify_iter3.TestMergeCandidatesAndMerge" name="test_empty_when_no_dupes" time="0.624" /><testcase classname="tests.test_leadunify_iter3.TestPersonNotes" name="test_patch_person_notes" time="0.751" /><testcase classname="tests.test_leadunify_iter3.TestMergeCandidatesAndMerge" name="test_insert_dupes_group_and_merge" time="0.740"><failure message="AssertionError: Expected TEST_Texas Bank group in merge-candidates, got groups: []&#10;assert None is not None">E   AssertionError: Expected TEST_Texas Bank group in merge-candidates, got groups: []
    assert None is not None</failure></testcase><testcase classname="tests.test_leadunify_iter3.TestCompanyNotesAndLookup" name="test_lookup_by_name_and_notes" time="0.187" /><testcase classname="tests.test_leadunify_iter3.TestBulkOps" name="test_bulk_delete_and_remove_from_campaign" time="0.831" /><testcase classname="tests.test_leadunify_iter3.TestSeedBaseline" name="test_counts" time="0.096"><failure message="AssertionError: expected 20 people, got 22&#10;assert 22 == 20">E   AssertionError: expected 20 people, got 22
    assert 22 == 20</failure></testcase><testcase classname="tests.test_leadunify_iter3.TestSelectiveExport" name="test_export_with_ids" time="0.141" /><testcase classname="tests.test_leadunify_iter3.TestCompaniesPagination" name="test_paginated" time="0.046" /><testcase classname="tests.test_leadunify_iter3.TestBhargavRegression" name="test_bhargav_still_one_person_two_campaigns" time="0.049" /></testsuite></testsuites>