<?xml version="1.0" encoding="utf-8"?><testsuites name="pytest tests"><testsuite name="pytest" errors="0" failures="0" skipped="0" tests="16" time="2.609" timestamp="2026-07-01T14:14:01.103447+00:00" hostname="agent-env-bfd8a928-98f3-4821-a63b-9df40c8b60ff"><testcase classname="tests.test_leadunify_iter7.TestColumnCreate" name="test_list_columns_includes_created" time="0.876" /><testcase classname="tests.test_leadunify_iter7.TestColumnCreate" name="test_create_column_missing_name" time="0.046" /><testcase classname="tests.test_leadunify_iter7.TestColumnCreate" name="test_create_column_bad_kind" time="0.049" /><testcase classname="tests.test_leadunify_iter7.TestColumnCreate" name="test_create_select_needs_options" time="0.093" /><testcase classname="tests.test_leadunify_iter7.TestCellPersist" name="test_set_select_cell_persists" time="1.101" /><testcase classname="tests.test_leadunify_iter7.TestColumnCreate" name="test_invalid_campaign" time="0.088" /><testcase classname="tests.test_leadunify_iter7.TestCellPersist" name="test_set_select_invalid_value_rejected" time="0.052" /><testcase classname="tests.test_leadunify_iter7.TestCellPersist" name="test_set_text_cell_persists" time="0.111" /><testcase classname="tests.test_leadunify_iter7.TestCustomFilter" name="test_filter_by_sent_value" time="0.153" /><testcase classname="tests.test_leadunify_iter7.TestCellPersist" name="test_set_checkbox_cell_persists" time="0.118" /><testcase classname="tests.test_leadunify_iter7.TestCustomFilter" name="test_filter_by_empty" time="0.139" /><testcase classname="tests.test_leadunify_iter7.TestCellPersist" name="test_clear_cell_by_empty" time="0.180" /><testcase classname="tests.test_leadunify_iter7.TestValueCounts" name="test_counts_reflect_sent_value" time="0.102" /><testcase classname="tests.test_leadunify_iter7.TestDelete" name="test_delete_column_erases_cells" time="0.485" /><testcase classname="tests.test_leadunify_iter7.TestIsolation" name="test_col_of_a_not_in_b" time="0.107" /><testcase classname="tests.test_leadunify_iter7.TestAuth" name="test_unauthenticated_rejected" time="0.388" /></testsuite></testsuites>