<?xml version="1.0" encoding="utf-8"?><testsuites name="pytest tests"><testsuite name="pytest" errors="0" failures="0" skipped="0" tests="12" time="7.019" timestamp="2026-07-01T12:47:33.044922+00:00" hostname="agent-env-bfd8a928-98f3-4821-a63b-9df40c8b60ff"><testcase classname="tests.test_leadunify_backend.TestAuth" name="test_login_returns_access_token_and_cookies" time="1.397" /><testcase classname="tests.test_leadunify_backend.TestSheets" name="test_status" time="1.400" /><testcase classname="tests.test_leadunify_backend.TestSheets" name="test_login_503" time="0.054" /><testcase classname="tests.test_leadunify_backend.TestRename" name="test_root_returns_leadunify" time="0.266" /><testcase classname="tests.test_leadunify_backend.TestAuth" name="test_me_with_bearer" time="0.421" /><testcase classname="tests.test_leadunify_backend.TestOnePersonManyCampaigns" name="test_bhargav_in_both_campaigns" time="0.148" /><testcase classname="tests.test_leadunify_backend.TestAuth" name="test_me_with_cookie" time="0.052" /><testcase classname="tests.test_leadunify_backend.TestInCampaignUnion" name="test_in_campaigns_uses_union" time="0.415" /><testcase classname="tests.test_leadunify_backend.TestAuth" name="test_login_invalid" time="0.320" /><testcase classname="tests.test_leadunify_backend.TestImportFirstLastDedup" name="test_commit_combines_first_last_and_dedups" time="2.090" /><testcase classname="tests.test_leadunify_backend.TestColumnMappingGlobal" name="test_first_last_headers_not_stolen" time="0.146" /><testcase classname="tests.test_leadunify_backend.TestChat" name="test_chat_hdfc" time="3.962" /></testsuite></testsuites>