<?xml version="1.0" encoding="utf-8"?><testsuites name="pytest tests"><testsuite name="pytest" errors="0" failures="0" skipped="0" tests="17" time="6.759" timestamp="2026-07-01T12:27:29.163451+00:00" hostname="agent-env-bfd8a928-98f3-4821-a63b-9df40c8b60ff"><testcase classname="tests.test_vaultedge_backend.TestAuth" name="test_login_sets_cookies" time="0.645" /><testcase classname="tests.test_vaultedge_backend.TestPeopleAndCampaigns" name="test_campaigns_seed" time="0.649" /><testcase classname="tests.test_vaultedge_backend.TestPeopleAndCampaigns" name="test_companies_list" time="0.051" /><testcase classname="tests.test_vaultedge_backend.TestPeopleAndCampaigns" name="test_stats_overview" time="0.278" /><testcase classname="tests.test_vaultedge_backend.TestAuth" name="test_me_with_cookie" time="0.371" /><testcase classname="tests.test_vaultedge_backend.TestPeopleAndCampaigns" name="test_people_query_all" time="0.054" /><testcase classname="tests.test_vaultedge_backend.TestAuth" name="test_login_invalid" time="0.359" /><testcase classname="tests.test_vaultedge_backend.TestPeopleAndCampaigns" name="test_people_query_in_and_not_in_campaigns" time="0.054" /><testcase classname="tests.test_vaultedge_backend.TestPeopleAndCampaigns" name="test_person_detail" time="0.308" /><testcase classname="tests.test_vaultedge_backend.TestAuth" name="test_me_no_auth" time="1.350" /><testcase classname="tests.test_vaultedge_backend.TestChat" name="test_chat_people_search" time="4.485" /><testcase classname="tests.test_vaultedge_backend.TestSheets" name="test_sheets_status_not_configured" time="0.096" /><testcase classname="tests.test_vaultedge_backend.TestSheets" name="test_sheets_login_returns_503" time="0.053" /><testcase classname="tests.test_vaultedge_backend.TestAddPersonCampaign" name="test_add_person_returns_other_campaigns" time="0.201" /><testcase classname="tests.test_vaultedge_backend.TestExport" name="test_export_csv" time="0.052" /><testcase classname="tests.test_vaultedge_backend.TestImportMapping" name="test_suggested_mapping_unusual_headers" time="0.118" /><testcase classname="tests.test_vaultedge_backend.TestImportDedup" name="test_import_bhargav_duplicate_creates_no_new_person" time="0.255" /></testsuite></testsuites>